Arguments: 
  C:\Program Files\nodejs\node.exe C:\Program Files (x86)\Yarn\bin\yarn.js install

PATH: 
  C:\Program Files (x86)\VMware\VMware Workstation\bin\;C:\Windows\system32;C:\Windows;C:\Windows\System32\Wbem;C:\Windows\System32\WindowsPowerShell\v1.0\;C:\Windows\System32\OpenSSH\;C:\Program Files (x86)\NVIDIA Corporation\PhysX\Common;C:\Program Files\TortoiseSVN\bin;C:\Program Files\VisualSVN Server\bin;C:\Program Files (x86)\Yarn\bin\;C:\Program Files\Git\cmd;C:\Program Files\TortoiseGit\bin;C:\Users\pc\AppData\Local\Programs\Python\Python38;C:\Users\pc\AppData\Local\Programs\Python\Python38\Scripts;C:\Program Files\nodejs\;C:\Users\pc\.cargo\bin;C:\Users\pc\AppData\Local\Microsoft\WindowsApps;C:\Users\pc\AppData\Local\Yarn\bin;C:\Program Files\MongoDB\Server\4.4\bin;C:\Users\pc\AppData\Local\GitHubDesktop\bin;C:\Program Files\heroku\bin;C:\Users\pc\AppData\Local\Programs\Microsoft VS Code\bin;C:\Users\pc\AppData\Roaming\npm

Yarn version: 
  1.22.5

Node version: 
  16.17.1

Platform: 
  win32 x64

Trace: 
  Error: connect ETIMEDOUT 104.16.21.35:443
      at TCPConnectWrap.afterConnect [as oncomplete] (node:net:1247:16)

npm manifest: 
  {
    "name": "practice",
    "version": "0.1.0",
    "private": true,
    "dependencies": {
      "@emotion/react": "^11.8.1",
      "@emotion/styled": "^11.8.1",
      "@fortawesome/fontawesome-svg-core": "^1.3.0",
      "@fortawesome/free-regular-svg-icons": "^6.0.0",
      "@fortawesome/free-solid-svg-icons": "^6.0.0",
      "@fortawesome/react-fontawesome": "^0.1.17",
      "@material-ui/core": "^4.12.3",
      "@material-ui/icons": "^4.11.3",
      "@mui/icons-material": "^5.6.2",
      "@mui/material": "^5.4.4",
      "@reduxjs/toolkit": "^1.8.1",
      "@testing-library/jest-dom": "^5.14.1",
      "@testing-library/react": "^11.2.7",
      "@testing-library/user-event": "^12.8.3",
      "@walletconnect/web3-provider": "^1.7.7",
      "axios": "^0.27.2",
      "bootstrap": "^5.1.3",
      "i18next": "^21.8.10",
      "i18next-browser-languagedetector": "^6.1.4",
      "notistack": "^2.0.3",
      "react": "^17.0.2",
      "react-bootstrap": "^2.1.2",
      "react-dom": "^17.0.2",
      "react-i18next": "^11.17.2",
      "react-icons": "^4.4.0",
      "react-redux": "^7.2.6",
      "react-router-dom": "^6.3.0",
      "react-scripts": "4.0.3",
      "react-tsparticles": "^2.0.6",
      "redux-thunk": "^2.4.1",
      "sweetalert2": "^11.4.17",
      "web-vitals": "^1.1.2",
      "web3": "^1.7.0",
      "web3modal": "^1.9.7"
    },
    "scripts": {
      "start": "react-scripts start",
      "build": "react-scripts build",
      "test": "react-scripts test",
      "eject": "react-scripts eject"
    },
    "eslintConfig": {
      "extends": [
        "react-app",
        "react-app/jest"
      ]
    },
    "browserslist": {
      "production": [
        ">0.2%",
        "not dead",
        "not op_mini all"
      ],
      "development": [
        "last 1 chrome version",
        "last 1 firefox version",
        "last 1 safari version"
      ]
    }
  }

yarn manifest: 
  No manifest

Lockfile: 
  No lockfile
